<?xml version="1.0" encoding="UTF-8"?>
<!-- Generated by org.testng.reporters.JUnitReportReporter -->
<testsuite hostname="CSCO-W-PF3MRZCB" failures="0" tests="1" name="pizzahut.com.pizzahut.pizzahut001" time="19.988" errors="0" timestamp="2024-01-29T20:33:57 IST" skipped="0">
  <testcase classname="pizzahut.com.pizzahut.pizzahut001" name="testCases" time="19.988"/>
  <system-out/>
</testsuite> <!-- pizzahut.com.pizzahut.pizzahut001 -->
