<?xml version="1.0" encoding="UTF-8"?>
<!-- Generated by org.testng.reporters.JUnitReportReporter -->
<testsuite hostname="CSCO-W-PF3MRZCB" failures="0" tests="1" name="maven_junit.testng_maven.textNg_testing" time="3.341" errors="0" timestamp="2024-01-18T10:22:36 IST" skipped="0">
  <testcase classname="maven_junit.testng_maven.textNg_testing" name="f" time="3.341"/>
  <system-out/>
</testsuite> <!-- maven_junit.testng_maven.textNg_testing -->
