<?xml version="1.0" encoding="UTF-8"?>
<!-- Generated by org.testng.reporters.JUnitReportReporter -->
<testsuite hostname="CSCO-W-PF3MRZCB" failures="0" tests="5" name="package1.sampleTest.test001" time="0.002" errors="0" timestamp="2024-01-17T10:16:03 IST" skipped="1">
  <testcase classname="package1.sampleTest.test001" name="sample2" time="0.001"/>
  <system-out/>
  <testcase classname="package1.sampleTest.test001" name="sample1" time="0.000"/>
  <system-out/>
  <testcase classname="package1.sampleTest.test001" name="sample4" time="0.001"/>
  <system-out/>
  <testcase classname="package1.sampleTest.test001" name="sample3" time="0.000"/>
  <system-out/>
  <testcase classname="package1.sampleTest.test001" name="sample5">
    <skipped/>
  </testcase> <!-- sample5 -->
  <system-out/>
</testsuite> <!-- package1.sampleTest.test001 -->
