<?xml version="1.0" encoding="UTF-8"?>
<!-- Generated by org.testng.reporters.JUnitReportReporter -->
<testsuite hostname="CSCO-W-PF3MRZCB" failures="0" tests="4" name="package1.sampleTest.test002forTestSuite" time="5.851" errors="0" timestamp="2024-01-17T11:53:21 IST" skipped="0">
  <testcase classname="package1.sampleTest.test002forTestSuite" name="fn1" time="1.275"/>
  <system-out/>
  <testcase classname="package1.sampleTest.test002forTestSuite" name="teststep1" time="2.076"/>
  <system-out/>
  <testcase classname="package1.sampleTest.test002forTestSuite" name="teststep2" time="2.471"/>
  <system-out/>
  <testcase classname="package1.sampleTest.test002forTestSuite" name="teststep3" time="0.029"/>
  <system-out/>
</testsuite> <!-- package1.sampleTest.test002forTestSuite -->
