<?xml version="1.0" encoding="UTF-8"?>
<!-- Generated by org.testng.reporters.JUnitReportReporter -->
<testsuite hostname="CSCO-W-PF3MRZCB" failures="0" tests="4" name="com.SampleFramework.Scripts.testNgPract1" time="6.294" errors="0" timestamp="2024-01-17T11:45:21 IST" skipped="0">
  <testcase classname="com.SampleFramework.Scripts.testNgPract1" name="fn1" time="1.547"/>
  <system-out/>
  <testcase classname="com.SampleFramework.Scripts.testNgPract1" name="teststep1" time="2.281"/>
  <system-out/>
  <testcase classname="com.SampleFramework.Scripts.testNgPract1" name="teststep2" time="2.438"/>
  <system-out/>
  <testcase classname="com.SampleFramework.Scripts.testNgPract1" name="teststep3" time="0.028"/>
  <system-out/>
</testsuite> <!-- com.SampleFramework.Scripts.testNgPract1 -->
