<?xml version="1.0" encoding="UTF-8"?>
<!-- Generated by org.testng.reporters.JUnitReportReporter -->
<testsuite hostname="CSCO-W-PF3MRZCB" failures="0" tests="4" name="StepsDefination.multipleSteps" time="25.080" errors="0" timestamp="2024-01-18T15:39:45 IST" skipped="0">
  <testcase classname="StepsDefination.multipleSteps" name="search" time="5.909"/>
  <system-out/>
  <testcase classname="StepsDefination.multipleSteps" name="search" time="7.083"/>
  <system-out/>
  <testcase classname="StepsDefination.multipleSteps" name="search" time="5.895"/>
  <system-out/>
  <testcase classname="StepsDefination.multipleSteps" name="search" time="6.193"/>
  <system-out/>
</testsuite> <!-- StepsDefination.multipleSteps -->
